<?xml version="1.0" encoding="UTF-8"?>
<coverage generated="1685945832839" clover="3.2.0">
  <project timestamp="1685945832846" name="All files">
    <metrics statements="43" coveredstatements="40" conditionals="2" coveredconditionals="1" methods="14" coveredmethods="14" elements="59" coveredelements="55" complexity="0" loc="43" ncloc="43" packages="2" files="9" classes="9"/>
    <package name="src">
      <metrics statements="1" coveredstatements="1" conditionals="0" coveredconditionals="0" methods="1" coveredmethods="1"/>
      <file name="App.js" path="C:\Users\38095\projects\helloworld\test\react-app\src\App.js">
        <metrics statements="1" coveredstatements="1" conditionals="0" coveredconditionals="0" methods="1" coveredmethods="1"/>
        <line num="14" count="1" type="stmt"/>
      </file>
    </package>
    <package name="src.components">
      <metrics statements="42" coveredstatements="39" conditionals="2" coveredconditionals="1" methods="13" coveredmethods="13"/>
      <file name="Account.jsx" path="C:\Users\38095\projects\helloworld\test\react-app\src\components\Account.jsx">
        <metrics statements="2" coveredstatements="2" conditionals="0" coveredconditionals="0" methods="1" coveredmethods="1"/>
        <line num="6" count="2" type="stmt"/>
        <line num="58" count="1" type="stmt"/>
      </file>
      <file name="Films.jsx" path="C:\Users\38095\projects\helloworld\test\react-app\src\components\Films.jsx">
        <metrics statements="1" coveredstatements="1" conditionals="0" coveredconditionals="0" methods="1" coveredmethods="1"/>
        <line num="9" count="2" type="stmt"/>
      </file>
      <file name="Footer.jsx" path="C:\Users\38095\projects\helloworld\test\react-app\src\components\Footer.jsx">
        <metrics statements="1" coveredstatements="1" conditionals="0" coveredconditionals="0" methods="1" coveredmethods="1"/>
        <line num="4" count="1" type="stmt"/>
      </file>
      <file name="Header.jsx" path="C:\Users\38095\projects\helloworld\test\react-app\src\components\Header.jsx">
        <metrics statements="1" coveredstatements="1" conditionals="0" coveredconditionals="0" methods="1" coveredmethods="1"/>
        <line num="5" count="1" type="stmt"/>
      </file>
      <file name="Login.jsx" path="C:\Users\38095\projects\helloworld\test\react-app\src\components\Login.jsx">
        <metrics statements="17" coveredstatements="16" conditionals="0" coveredconditionals="0" methods="3" coveredmethods="3"/>
        <line num="7" count="4" type="stmt"/>
        <line num="12" count="4" type="stmt"/>
        <line num="13" count="2" type="stmt"/>
        <line num="14" count="2" type="stmt"/>
        <line num="17" count="4" type="stmt"/>
        <line num="18" count="1" type="stmt"/>
        <line num="19" count="1" type="stmt"/>
        <line num="20" count="1" type="stmt"/>
        <line num="21" count="1" type="stmt"/>
        <line num="22" count="1" type="stmt"/>
        <line num="24" count="1" type="stmt"/>
        <line num="34" count="1" type="stmt"/>
        <line num="35" count="1" type="stmt"/>
        <line num="36" count="1" type="stmt"/>
        <line num="38" count="1" type="stmt"/>
        <line num="40" count="0" type="stmt"/>
        <line num="45" count="4" type="stmt"/>
      </file>
      <file name="Main.jsx" path="C:\Users\38095\projects\helloworld\test\react-app\src\components\Main.jsx">
        <metrics statements="1" coveredstatements="1" conditionals="0" coveredconditionals="0" methods="1" coveredmethods="1"/>
        <line num="8" count="2" type="stmt"/>
      </file>
      <file name="Register.jsx" path="C:\Users\38095\projects\helloworld\test\react-app\src\components\Register.jsx">
        <metrics statements="18" coveredstatements="16" conditionals="2" coveredconditionals="1" methods="4" coveredmethods="4"/>
        <line num="6" count="6" type="stmt"/>
        <line num="13" count="6" type="stmt"/>
        <line num="14" count="5" type="stmt"/>
        <line num="15" count="5" type="stmt"/>
        <line num="18" count="6" type="stmt"/>
        <line num="19" count="1" type="stmt"/>
        <line num="20" count="1" type="stmt"/>
        <line num="21" count="7" type="stmt"/>
        <line num="46" count="1" type="cond" truecount="1" falsecount="1"/>
        <line num="47" count="0" type="stmt"/>
        <line num="49" count="1" type="stmt"/>
        <line num="50" count="1" type="stmt"/>
        <line num="51" count="1" type="stmt"/>
        <line num="57" count="1" type="stmt"/>
        <line num="58" count="1" type="stmt"/>
        <line num="59" count="1" type="stmt"/>
        <line num="62" count="0" type="stmt"/>
        <line num="69" count="6" type="stmt"/>
      </file>
      <file name="Tickets.jsx" path="C:\Users\38095\projects\helloworld\test\react-app\src\components\Tickets.jsx">
        <metrics statements="1" coveredstatements="1" conditionals="0" coveredconditionals="0" methods="1" coveredmethods="1"/>
        <line num="72" count="1" type="stmt"/>
      </file>
    </package>
  </project>
</coverage>
