{"C:\\Users\\38095\\projects\\helloworld\\test\\react-app\\src\\App.js": {"path":"C:\\Users\\38095\\projects\\helloworld\\test\\react-app\\src\\App.js","statementMap":{"0":{"start":{"line":14,"column":2},"end":{"line":27,"column":4}}},"fnMap":{"0":{"name":"App","decl":{"start":{"line":13,"column":9},"end":{"line":13,"column":12}},"loc":{"start":{"line":13,"column":15},"end":{"line":28,"column":1}},"line":13}},"branchMap":{},"s":{"0":1},"f":{"0":1},"b":{},"_coverageSchema":"1a1c01bbd47fc00a2c39e90264f33305004495a9","hash":"6f8fc9ca91f543fcebf87f3e216c165b534f2cf8"}
,"C:\\Users\\38095\\projects\\helloworld\\test\\react-app\\src\\components\\Account.jsx": {"path":"C:\\Users\\38095\\projects\\helloworld\\test\\react-app\\src\\components\\Account.jsx","statementMap":{"0":{"start":{"line":6,"column":42},"end":{"line":6,"column":54}},"1":{"start":{"line":58,"column":4},"end":{"line":69,"column":5}}},"fnMap":{"0":{"name":"Account","decl":{"start":{"line":5,"column":9},"end":{"line":5,"column":16}},"loc":{"start":{"line":5,"column":18},"end":{"line":70,"column":1}},"line":5}},"branchMap":{},"s":{"0":2,"1":1},"f":{"0":2},"b":{},"_coverageSchema":"1a1c01bbd47fc00a2c39e90264f33305004495a9","hash":"d392d51e6f4569e076a074194decefede2022e34"}
,"C:\\Users\\38095\\projects\\helloworld\\test\\react-app\\src\\components\\Films.jsx": {"path":"C:\\Users\\38095\\projects\\helloworld\\test\\react-app\\src\\components\\Films.jsx","statementMap":{"0":{"start":{"line":9,"column":4},"end":{"line":57,"column":5}}},"fnMap":{"0":{"name":"Films","decl":{"start":{"line":7,"column":9},"end":{"line":7,"column":14}},"loc":{"start":{"line":7,"column":17},"end":{"line":58,"column":1}},"line":7}},"branchMap":{},"s":{"0":2},"f":{"0":2},"b":{},"_coverageSchema":"1a1c01bbd47fc00a2c39e90264f33305004495a9","hash":"7cd6563b2b159531b7ad06122de35a1c58545ba2"}
,"C:\\Users\\38095\\projects\\helloworld\\test\\react-app\\src\\components\\Footer.jsx": {"path":"C:\\Users\\38095\\projects\\helloworld\\test\\react-app\\src\\components\\Footer.jsx","statementMap":{"0":{"start":{"line":4,"column":4},"end":{"line":8,"column":5}}},"fnMap":{"0":{"name":"Footer","decl":{"start":{"line":3,"column":9},"end":{"line":3,"column":15}},"loc":{"start":{"line":3,"column":18},"end":{"line":9,"column":1}},"line":3}},"branchMap":{},"s":{"0":1},"f":{"0":1},"b":{},"_coverageSchema":"1a1c01bbd47fc00a2c39e90264f33305004495a9","hash":"db6ef143d0d97db542b123cdf373306705b6acce"}
,"C:\\Users\\38095\\projects\\helloworld\\test\\react-app\\src\\components\\Header.jsx": {"path":"C:\\Users\\38095\\projects\\helloworld\\test\\react-app\\src\\components\\Header.jsx","statementMap":{"0":{"start":{"line":5,"column":4},"end":{"line":18,"column":5}}},"fnMap":{"0":{"name":"Header","decl":{"start":{"line":4,"column":9},"end":{"line":4,"column":15}},"loc":{"start":{"line":4,"column":18},"end":{"line":19,"column":1}},"line":4}},"branchMap":{},"s":{"0":1},"f":{"0":1},"b":{},"_coverageSchema":"1a1c01bbd47fc00a2c39e90264f33305004495a9","hash":"6b702d11ed68f9bf91ca0f5fe4a45e9db94a5c36"}
,"C:\\Users\\38095\\projects\\helloworld\\test\\react-app\\src\\components\\Login.jsx": {"path":"C:\\Users\\38095\\projects\\helloworld\\test\\react-app\\src\\components\\Login.jsx","statementMap":{"0":{"start":{"line":7,"column":36},"end":{"line":10,"column":6}},"1":{"start":{"line":12,"column":30},"end":{"line":15,"column":5}},"2":{"start":{"line":13,"column":32},"end":{"line":13,"column":44}},"3":{"start":{"line":14,"column":8},"end":{"line":14,"column":52}},"4":{"start":{"line":17,"column":25},"end":{"line":42,"column":5}},"5":{"start":{"line":18,"column":8},"end":{"line":18,"column":31}},"6":{"start":{"line":19,"column":25},"end":{"line":19,"column":42}},"7":{"start":{"line":20,"column":25},"end":{"line":20,"column":42}},"8":{"start":{"line":21,"column":28},"end":{"line":21,"column":53}},"9":{"start":{"line":22,"column":35},"end":{"line":22,"column":52}},"10":{"start":{"line":24,"column":23},"end":{"line":30,"column":9}},"11":{"start":{"line":34,"column":8},"end":{"line":41,"column":9}},"12":{"start":{"line":35,"column":29},"end":{"line":35,"column":95}},"13":{"start":{"line":36,"column":12},"end":{"line":36,"column":83}},"14":{"start":{"line":38,"column":12},"end":{"line":38,"column":40}},"15":{"start":{"line":40,"column":12},"end":{"line":40,"column":50}},"16":{"start":{"line":45,"column":4},"end":{"line":70,"column":5}}},"fnMap":{"0":{"name":"Login","decl":{"start":{"line":6,"column":9},"end":{"line":6,"column":14}},"loc":{"start":{"line":6,"column":17},"end":{"line":71,"column":1}},"line":6},"1":{"name":"(anonymous_1)","decl":{"start":{"line":12,"column":30},"end":{"line":12,"column":31}},"loc":{"start":{"line":12,"column":39},"end":{"line":15,"column":5}},"line":12},"2":{"name":"(anonymous_2)","decl":{"start":{"line":17,"column":25},"end":{"line":17,"column":26}},"loc":{"start":{"line":17,"column":40},"end":{"line":42,"column":5}},"line":17}},"branchMap":{},"s":{"0":4,"1":4,"2":2,"3":2,"4":4,"5":1,"6":1,"7":1,"8":1,"9":1,"10":1,"11":1,"12":1,"13":1,"14":1,"15":0,"16":4},"f":{"0":4,"1":2,"2":1},"b":{},"_coverageSchema":"1a1c01bbd47fc00a2c39e90264f33305004495a9","hash":"d9908f69b165f4b7aa436334136f7eae99b2b02e"}
,"C:\\Users\\38095\\projects\\helloworld\\test\\react-app\\src\\components\\Main.jsx": {"path":"C:\\Users\\38095\\projects\\helloworld\\test\\react-app\\src\\components\\Main.jsx","statementMap":{"0":{"start":{"line":8,"column":4},"end":{"line":42,"column":5}}},"fnMap":{"0":{"name":"Main","decl":{"start":{"line":7,"column":9},"end":{"line":7,"column":13}},"loc":{"start":{"line":7,"column":16},"end":{"line":43,"column":1}},"line":7}},"branchMap":{},"s":{"0":2},"f":{"0":2},"b":{},"_coverageSchema":"1a1c01bbd47fc00a2c39e90264f33305004495a9","hash":"eb9d9d1f4a3ff0f9b3fa928559bf94e7f941324f"}
,"C:\\Users\\38095\\projects\\helloworld\\test\\react-app\\src\\components\\Register.jsx": {"path":"C:\\Users\\38095\\projects\\helloworld\\test\\react-app\\src\\components\\Register.jsx","statementMap":{"0":{"start":{"line":6,"column":36},"end":{"line":12,"column":6}},"1":{"start":{"line":13,"column":30},"end":{"line":16,"column":5}},"2":{"start":{"line":14,"column":32},"end":{"line":14,"column":44}},"3":{"start":{"line":15,"column":8},"end":{"line":15,"column":52}},"4":{"start":{"line":18,"column":25},"end":{"line":65,"column":5}},"5":{"start":{"line":19,"column":20},"end":{"line":19,"column":40}},"6":{"start":{"line":20,"column":8},"end":{"line":20,"column":31}},"7":{"start":{"line":21,"column":21},"end":{"line":21,"column":93}},"8":{"start":{"line":21,"column":83},"end":{"line":21,"column":91}},"9":{"start":{"line":46,"column":8},"end":{"line":64,"column":9}},"10":{"start":{"line":47,"column":12},"end":{"line":47,"column":44}},"11":{"start":{"line":49,"column":12},"end":{"line":49,"column":40}},"12":{"start":{"line":50,"column":12},"end":{"line":50,"column":30}},"13":{"start":{"line":51,"column":27},"end":{"line":56,"column":13}},"14":{"start":{"line":57,"column":12},"end":{"line":63,"column":13}},"15":{"start":{"line":58,"column":33},"end":{"line":58,"column":100}},"16":{"start":{"line":59,"column":16},"end":{"line":59,"column":51}},"17":{"start":{"line":62,"column":16},"end":{"line":62,"column":49}},"18":{"start":{"line":69,"column":4},"end":{"line":115,"column":5}}},"fnMap":{"0":{"name":"Register","decl":{"start":{"line":5,"column":9},"end":{"line":5,"column":17}},"loc":{"start":{"line":5,"column":20},"end":{"line":116,"column":1}},"line":5},"1":{"name":"(anonymous_1)","decl":{"start":{"line":13,"column":30},"end":{"line":13,"column":31}},"loc":{"start":{"line":13,"column":39},"end":{"line":16,"column":5}},"line":13},"2":{"name":"(anonymous_2)","decl":{"start":{"line":18,"column":25},"end":{"line":18,"column":26}},"loc":{"start":{"line":18,"column":40},"end":{"line":65,"column":5}},"line":18},"3":{"name":"(anonymous_3)","decl":{"start":{"line":21,"column":72},"end":{"line":21,"column":73}},"loc":{"start":{"line":21,"column":83},"end":{"line":21,"column":91}},"line":21}},"branchMap":{"0":{"loc":{"start":{"line":46,"column":8},"end":{"line":64,"column":9}},"type":"if","locations":[{"start":{"line":46,"column":8},"end":{"line":64,"column":9}},{"start":{"line":48,"column":15},"end":{"line":64,"column":9}}],"line":46}},"s":{"0":6,"1":6,"2":5,"3":5,"4":6,"5":1,"6":1,"7":1,"8":7,"9":1,"10":0,"11":1,"12":1,"13":1,"14":1,"15":1,"16":1,"17":0,"18":6},"f":{"0":6,"1":5,"2":1,"3":7},"b":{"0":[0,1]},"_coverageSchema":"1a1c01bbd47fc00a2c39e90264f33305004495a9","hash":"e317f489bc0aef10c8196e972ab52e45cecf3d6b"}
,"C:\\Users\\38095\\projects\\helloworld\\test\\react-app\\src\\components\\Tickets.jsx": {"path":"C:\\Users\\38095\\projects\\helloworld\\test\\react-app\\src\\components\\Tickets.jsx","statementMap":{"0":{"start":{"line":72,"column":4},"end":{"line":110,"column":5}}},"fnMap":{"0":{"name":"Tickets","decl":{"start":{"line":5,"column":9},"end":{"line":5,"column":16}},"loc":{"start":{"line":5,"column":19},"end":{"line":111,"column":1}},"line":5}},"branchMap":{},"s":{"0":1},"f":{"0":1},"b":{},"_coverageSchema":"1a1c01bbd47fc00a2c39e90264f33305004495a9","hash":"37371c7ccdfdb1452b75437b478ef3175f851e52"}
}
