TN:
SF:src\App.js
FN:13,App
FNF:1
FNH:1
FNDA:1,App
DA:14,1
LF:1
LH:1
BRF:0
BRH:0
end_of_record
TN:
SF:src\components\Account.jsx
FN:5,Account
FNF:1
FNH:1
FNDA:2,Account
DA:6,2
DA:58,1
LF:2
LH:2
BRF:0
BRH:0
end_of_record
TN:
SF:src\components\Films.jsx
FN:7,Films
FNF:1
FNH:1
FNDA:2,Films
DA:9,2
LF:1
LH:1
BRF:0
BRH:0
end_of_record
TN:
SF:src\components\Footer.jsx
FN:3,Footer
FNF:1
FNH:1
FNDA:1,Footer
DA:4,1
LF:1
LH:1
BRF:0
BRH:0
end_of_record
TN:
SF:src\components\Header.jsx
FN:4,Header
FNF:1
FNH:1
FNDA:1,Header
DA:5,1
LF:1
LH:1
BRF:0
BRH:0
end_of_record
TN:
SF:src\components\Login.jsx
FN:6,Login
FN:12,(anonymous_1)
FN:17,(anonymous_2)
FNF:3
FNH:3
FNDA:4,Login
FNDA:2,(anonymous_1)
FNDA:1,(anonymous_2)
DA:7,4
DA:12,4
DA:13,2
DA:14,2
DA:17,4
DA:18,1
DA:19,1
DA:20,1
DA:21,1
DA:22,1
DA:24,1
DA:34,1
DA:35,1
DA:36,1
DA:38,1
DA:40,0
DA:45,4
LF:17
LH:16
BRF:0
BRH:0
end_of_record
TN:
SF:src\components\Main.jsx
FN:7,Main
FNF:1
FNH:1
FNDA:2,Main
DA:8,2
LF:1
LH:1
BRF:0
BRH:0
end_of_record
TN:
SF:src\components\Register.jsx
FN:5,Register
FN:13,(anonymous_1)
FN:18,(anonymous_2)
FN:21,(anonymous_3)
FNF:4
FNH:4
FNDA:6,Register
FNDA:5,(anonymous_1)
FNDA:1,(anonymous_2)
FNDA:7,(anonymous_3)
DA:6,6
DA:13,6
DA:14,5
DA:15,5
DA:18,6
DA:19,1
DA:20,1
DA:21,7
DA:46,1
DA:47,0
DA:49,1
DA:50,1
DA:51,1
DA:57,1
DA:58,1
DA:59,1
DA:62,0
DA:69,6
LF:18
LH:16
BRDA:46,0,0,0
BRDA:46,0,1,1
BRF:2
BRH:1
end_of_record
TN:
SF:src\components\Tickets.jsx
FN:5,Tickets
FNF:1
FNH:1
FNDA:1,Tickets
DA:72,1
LF:1
LH:1
BRF:0
BRH:0
end_of_record
